[
  {
    "apellido": "Gorgen",
    "nombre": "Corey",
    "legajo": 1,
    "correo": "cgorgen@vendedor.com",
    "clave": "123abc45",
    "perfil": "vendedor",
    "Acceso": "2023-05-17T04:47:59.0402-03:00"
  },
  {
    "apellido": "Gorgen",
    "nombre": "Corey",
    "legajo": 1,
    "correo": "cgorgen@vendedor.com",
    "clave": "123abc45",
    "perfil": "vendedor",
    "Acceso": "2023-05-17T05:17:00.4798398-03:00"
  },
  {
    "apellido": "Jordan",
    "nombre": "Michael",
    "legajo": 5,
    "correo": "admin@admin.com",
    "clave": "12345678",
    "perfil": "administrador",
    "Acceso": "2023-05-17T05:17:06.2457649-03:00"
  },
  {
    "apellido": "Jordan",
    "nombre": "Michael",
    "legajo": 5,
    "correo": "admin@admin.com",
    "clave": "12345678",
    "perfil": "administrador",
    "Acceso": "2023-05-17T05:17:12.6161528-03:00"
  },
  {
    "apellido": "Gorgen",
    "nombre": "Corey",
    "legajo": 1,
    "correo": "cgorgen@vendedor.com",
    "clave": "123abc45",
    "perfil": "vendedor",
    "Acceso": "2023-05-17T05:32:13.7431844-03:00"
  },
  {
    "apellido": "Gorgen",
    "nombre": "Corey",
    "legajo": 1,
    "correo": "cgorgen@vendedor.com",
    "clave": "123abc45",
    "perfil": "vendedor",
    "Acceso": "2023-05-17T05:36:04.5557214-03:00"
  },
  {
    "apellido": "Gorgen",
    "nombre": "Corey",
    "legajo": 1,
    "correo": "cgorgen@vendedor.com",
    "clave": "123abc45",
    "perfil": "vendedor",
    "Acceso": "2023-05-17T05:38:12.8033287-03:00"
  },
  {
    "apellido": "Jordan",
    "nombre": "Michael",
    "legajo": 5,
    "correo": "admin@admin.com",
    "clave": "12345678",
    "perfil": "administrador",
    "Acceso": "2023-05-17T05:38:24.8287825-03:00"
  },
  {
    "apellido": "Gorgen",
    "nombre": "Corey",
    "legajo": 1,
    "correo": "cgorgen@vendedor.com",
    "clave": "123abc45",
    "perfil": "vendedor",
    "Acceso": "2023-05-17T09:12:08.5887826-03:00"
  },
  {
    "apellido": "Gorgen",
    "nombre": "Corey",
    "legajo": 1,
    "correo": "cgorgen@vendedor.com",
    "clave": "123abc45",
    "perfil": "vendedor",
    "Acceso": "2023-05-27T17:36:12.5466529-03:00"
  },
  {
    "apellido": "Jordan",
    "nombre": "Michael",
    "legajo": 5,
    "correo": "admin@admin.com",
    "clave": "12345678",
    "perfil": "administrador",
    "Acceso": "2023-05-27T17:36:45.3275625-03:00"
  },
  {
    "apellido": "Jordan",
    "nombre": "Michael",
    "legajo": 5,
    "correo": "admin@admin.com",
    "clave": "12345678",
    "perfil": "administrador",
    "Acceso": "2023-05-27T17:38:30.874607-03:00"
  },
  {
    "apellido": "Gorgen",
    "nombre": "Corey",
    "legajo": 1,
    "correo": "cgorgen@vendedor.com",
    "clave": "123abc45",
    "perfil": "vendedor",
    "Acceso": "2023-05-27T17:39:34.1968923-03:00"
  },
  {
    "apellido": "Jordan",
    "nombre": "Michael",
    "legajo": 5,
    "correo": "admin@admin.com",
    "clave": "12345678",
    "perfil": "administrador",
    "Acceso": "2023-05-27T17:39:42.2785409-03:00"
  },
  {
    "apellido": "Jordan",
    "nombre": "Michael",
    "legajo": 5,
    "correo": "admin@admin.com",
    "clave": "12345678",
    "perfil": "administrador",
    "Acceso": "2023-05-27T17:42:38.2181538-03:00"
  },
  {
    "apellido": "Jordan",
    "nombre": "Michael",
    "legajo": 5,
    "correo": "admin@admin.com",
    "clave": "12345678",
    "perfil": "administrador",
    "Acceso": "2023-05-27T17:44:01.808469-03:00"
  },
  {
    "apellido": "Jordan",
    "nombre": "Michael",
    "legajo": 5,
    "correo": "admin@admin.com",
    "clave": "12345678",
    "perfil": "administrador",
    "Acceso": "2023-05-27T17:44:42.9196325-03:00"
  },
  {
    "apellido": "Jordan",
    "nombre": "Michael",
    "legajo": 5,
    "correo": "admin@admin.com",
    "clave": "12345678",
    "perfil": "administrador",
    "Acceso": "2023-05-27T17:45:08.3400271-03:00"
  },
  {
    "apellido": "Jordan",
    "nombre": "Michael",
    "legajo": 5,
    "correo": "admin@admin.com",
    "clave": "12345678",
    "perfil": "administrador",
    "Acceso": "2023-05-27T17:45:24.2645177-03:00"
  },
  {
    "apellido": "Gorgen",
    "nombre": "Corey",
    "legajo": 1,
    "correo": "cgorgen@vendedor.com",
    "clave": "123abc45",
    "perfil": "vendedor",
    "Acceso": "2023-05-27T17:45:27.848776-03:00"
  },
  {
    "apellido": "Jordan",
    "nombre": "Michael",
    "legajo": 5,
    "correo": "admin@admin.com",
    "clave": "12345678",
    "perfil": "administrador",
    "Acceso": "2023-05-27T17:45:52.568502-03:00"
  },
  {
    "apellido": "Gorgen",
    "nombre": "Corey",
    "legajo": 1,
    "correo": "cgorgen@vendedor.com",
    "clave": "123abc45",
    "perfil": "vendedor",
    "Acceso": "2023-05-27T17:46:37.7660833-03:00"
  },
  {
    "apellido": "Gorgen",
    "nombre": "Corey",
    "legajo": 1,
    "correo": "cgorgen@vendedor.com",
    "clave": "123abc45",
    "perfil": "vendedor",
    "Acceso": "2023-05-27T20:47:19.9890473-03:00"
  },
  {
    "apellido": "Robinson",
    "nombre": "Tilda",
    "legajo": 4,
    "correo": "trobinson@super.com",
    "clave": "12345678",
    "perfil": "supervisor",
    "Acceso": "2023-05-27T20:50:37.72441-03:00"
  },
  {
    "apellido": "Jordan",
    "nombre": "Michael",
    "legajo": 5,
    "correo": "admin@admin.com",
    "clave": "12345678",
    "perfil": "administrador",
    "Acceso": "2023-05-27T20:50:44.3694842-03:00"
  },
  {
    "apellido": "Gorgen",
    "nombre": "Corey",
    "legajo": 1,
    "correo": "cgorgen@vendedor.com",
    "clave": "123abc45",
    "perfil": "vendedor",
    "Acceso": "2023-05-27T20:50:48.752843-03:00"
  },
  {
    "apellido": "Jordan",
    "nombre": "Michael",
    "legajo": 5,
    "correo": "admin@admin.com",
    "clave": "12345678",
    "perfil": "administrador",
    "Acceso": "2023-05-27T20:52:17.8685949-03:00"
  },
  {
    "apellido": "Gorgen",
    "nombre": "Corey",
    "legajo": 1,
    "correo": "cgorgen@vendedor.com",
    "clave": "123abc45",
    "perfil": "vendedor",
    "Acceso": "2023-05-27T20:54:25.0512943-03:00"
  },
  {
    "apellido": "Robinson",
    "nombre": "Tilda",
    "legajo": 4,
    "correo": "trobinson@super.com",
    "clave": "12345678",
    "perfil": "supervisor",
    "Acceso": "2023-05-27T20:54:28.6154029-03:00"
  },
  {
    "apellido": "Robinson",
    "nombre": "Tilda",
    "legajo": 4,
    "correo": "trobinson@super.com",
    "clave": "12345678",
    "perfil": "supervisor",
    "Acceso": "2023-05-27T20:54:33.104136-03:00"
  },
  {
    "apellido": "Jordan",
    "nombre": "Michael",
    "legajo": 5,
    "correo": "admin@admin.com",
    "clave": "12345678",
    "perfil": "administrador",
    "Acceso": "2023-05-27T20:54:35.8174444-03:00"
  },
  {
    "apellido": "Gorgen",
    "nombre": "Corey",
    "legajo": 1,
    "correo": "cgorgen@vendedor.com",
    "clave": "123abc45",
    "perfil": "vendedor",
    "Acceso": "2023-05-27T20:54:38.6991426-03:00"
  },
  {
    "apellido": "Gorgen",
    "nombre": "Corey",
    "legajo": 1,
    "correo": "cgorgen@vendedor.com",
    "clave": "123abc45",
    "perfil": "vendedor",
    "Acceso": "2023-05-27T20:56:02.1962219-03:00"
  },
  {
    "apellido": "Gorgen",
    "nombre": "Corey",
    "legajo": 1,
    "correo": "cgorgen@vendedor.com",
    "clave": "123abc45",
    "perfil": "vendedor",
    "Acceso": "2023-05-27T20:56:06.305566-03:00"
  },
  {
    "apellido": "Gorgen",
    "nombre": "Corey",
    "legajo": 1,
    "correo": "cgorgen@vendedor.com",
    "clave": "123abc45",
    "perfil": "vendedor",
    "Acceso": "2023-05-27T20:56:24.9019942-03:00"
  },
  {
    "apellido": "Robinson",
    "nombre": "Tilda",
    "legajo": 4,
    "correo": "trobinson@super.com",
    "clave": "12345678",
    "perfil": "supervisor",
    "Acceso": "2023-05-27T20:56:27.9255699-03:00"
  },
  {
    "apellido": "Jordan",
    "nombre": "Michael",
    "legajo": 5,
    "correo": "admin@admin.com",
    "clave": "12345678",
    "perfil": "administrador",
    "Acceso": "2023-05-27T20:56:30.4693965-03:00"
  },
  {
    "apellido": "Gorgen",
    "nombre": "Corey",
    "legajo": 1,
    "correo": "cgorgen@vendedor.com",
    "clave": "123abc45",
    "perfil": "vendedor",
    "Acceso": "2023-05-27T20:56:32.8154298-03:00"
  },
  {
    "apellido": "Gorgen",
    "nombre": "Corey",
    "legajo": 1,
    "correo": "cgorgen@vendedor.com",
    "clave": "123abc45",
    "perfil": "vendedor",
    "Acceso": "2023-05-27T20:57:07.8596999-03:00"
  },
  {
    "apellido": "Robinson",
    "nombre": "Tilda",
    "legajo": 4,
    "correo": "trobinson@super.com",
    "clave": "12345678",
    "perfil": "supervisor",
    "Acceso": "2023-05-27T20:58:02.4894097-03:00"
  },
  {
    "apellido": "Gorgen",
    "nombre": "Corey",
    "legajo": 1,
    "correo": "cgorgen@vendedor.com",
    "clave": "123abc45",
    "perfil": "vendedor",
    "Acceso": "2023-05-27T20:58:09.3312133-03:00"
  },
  {
    "apellido": "Jordan",
    "nombre": "Michael",
    "legajo": 5,
    "correo": "admin@admin.com",
    "clave": "12345678",
    "perfil": "administrador",
    "Acceso": "2023-05-27T20:58:21.1297578-03:00"
  },
  {
    "apellido": "Jordan",
    "nombre": "Michael",
    "legajo": 5,
    "correo": "admin@admin.com",
    "clave": "12345678",
    "perfil": "administrador",
    "Acceso": "2023-05-27T20:58:28.4392598-03:00"
  },
  {
    "apellido": "Robinson",
    "nombre": "Tilda",
    "legajo": 4,
    "correo": "trobinson@super.com",
    "clave": "12345678",
    "perfil": "supervisor",
    "Acceso": "2023-05-27T20:58:36.8703798-03:00"
  },
  {
    "apellido": "Gorgen",
    "nombre": "Corey",
    "legajo": 1,
    "correo": "cgorgen@vendedor.com",
    "clave": "123abc45",
    "perfil": "vendedor",
    "Acceso": "2023-05-27T20:59:18.2646827-03:00"
  },
  {
    "apellido": "Robinson",
    "nombre": "Tilda",
    "legajo": 4,
    "correo": "trobinson@super.com",
    "clave": "12345678",
    "perfil": "supervisor",
    "Acceso": "2023-05-27T20:59:21.0957057-03:00"
  },
  {
    "apellido": "Jordan",
    "nombre": "Michael",
    "legajo": 5,
    "correo": "admin@admin.com",
    "clave": "12345678",
    "perfil": "administrador",
    "Acceso": "2023-05-27T20:59:24.7224741-03:00"
  },
  {
    "apellido": "Robinson",
    "nombre": "Tilda",
    "legajo": 4,
    "correo": "trobinson@super.com",
    "clave": "12345678",
    "perfil": "supervisor",
    "Acceso": "2023-05-27T20:59:26.9679904-03:00"
  },
  {
    "apellido": "Gorgen",
    "nombre": "Corey",
    "legajo": 1,
    "correo": "cgorgen@vendedor.com",
    "clave": "123abc45",
    "perfil": "vendedor",
    "Acceso": "2023-05-27T21:00:17.312977-03:00"
  },
  {
    "apellido": "Robinson",
    "nombre": "Tilda",
    "legajo": 4,
    "correo": "trobinson@super.com",
    "clave": "12345678",
    "perfil": "supervisor",
    "Acceso": "2023-05-27T21:00:20.1604547-03:00"
  },
  {
    "apellido": "Jordan",
    "nombre": "Michael",
    "legajo": 5,
    "correo": "admin@admin.com",
    "clave": "12345678",
    "perfil": "administrador",
    "Acceso": "2023-05-27T21:00:24.0913609-03:00"
  },
  {
    "apellido": "Robinson",
    "nombre": "Tilda",
    "legajo": 4,
    "correo": "trobinson@super.com",
    "clave": "12345678",
    "perfil": "supervisor",
    "Acceso": "2023-05-27T21:00:27.3767716-03:00"
  },
  {
    "apellido": "Gorgen",
    "nombre": "Corey",
    "legajo": 1,
    "correo": "cgorgen@vendedor.com",
    "clave": "123abc45",
    "perfil": "vendedor",
    "Acceso": "2023-05-27T21:08:38.8392201-03:00"
  },
  {
    "apellido": "Robinson",
    "nombre": "Tilda",
    "legajo": 4,
    "correo": "trobinson@super.com",
    "clave": "12345678",
    "perfil": "supervisor",
    "Acceso": "2023-05-27T21:09:46.0315849-03:00"
  },
  {
    "apellido": "Gorgen",
    "nombre": "Corey",
    "legajo": 1,
    "correo": "cgorgen@vendedor.com",
    "clave": "123abc45",
    "perfil": "vendedor",
    "Acceso": "2023-05-27T21:10:24.9103351-03:00"
  },
  {
    "apellido": "Robinson",
    "nombre": "Tilda",
    "legajo": 4,
    "correo": "trobinson@super.com",
    "clave": "12345678",
    "perfil": "supervisor",
    "Acceso": "2023-05-27T21:12:03.3083631-03:00"
  },
  {
    "apellido": "Gorgen",
    "nombre": "Corey",
    "legajo": 1,
    "correo": "cgorgen@vendedor.com",
    "clave": "123abc45",
    "perfil": "vendedor",
    "Acceso": "2023-05-27T21:22:22.1626311-03:00"
  },
  {
    "apellido": "Gorgen",
    "nombre": "Corey",
    "legajo": 1,
    "correo": "cgorgen@vendedor.com",
    "clave": "123abc45",
    "perfil": "vendedor",
    "Acceso": "2023-05-27T21:23:36.9691298-03:00"
  },
  {
    "apellido": "Jordan",
    "nombre": "Michael",
    "legajo": 5,
    "correo": "admin@admin.com",
    "clave": "12345678",
    "perfil": "administrador",
    "Acceso": "2023-05-27T21:24:56.986683-03:00"
  }
]
